=== GPU Info ===
Mon Oct 27 12:53:53 2025       
+-----------------------------------------------------------------------------------------+
| NVIDIA-SMI 570.86.15              Driver Version: 570.86.15      CUDA Version: 12.8     |
|-----------------------------------------+------------------------+----------------------+
| GPU  Name                 Persistence-M | Bus-Id          Disp.A | Volatile Uncorr. ECC |
| Fan  Temp   Perf          Pwr:Usage/Cap |           Memory-Usage | GPU-Util  Compute M. |
|                                         |                        |               MIG M. |
|=========================================+========================+======================|
|   0  NVIDIA A40                     Off |   00000000:61:00.0 Off |                    0 |
|  0%   34C    P0             76W /  300W |       1MiB /  46068MiB |      2%      Default |
|                                         |                        |                  N/A |
+-----------------------------------------+------------------------+----------------------+
                                                                                         
+-----------------------------------------------------------------------------------------+
| Processes:                                                                              |
|  GPU   GI   CI              PID   Type   Process name                        GPU Memory |
|        ID   ID                                                               Usage      |
|=========================================================================================|
|  No running processes found                                                             |
+-----------------------------------------------------------------------------------------+
/home/ajitvr/24d0374/IE_643
Test Dataset created with 3510 samples.
Test DataLoader created with batch size 16.
Total parameters: 530689
RNNAnomalyDetector (student_model) initialized and moved to device.
Starting evaluation...
Processed 50 batches
Processed 100 batches
Processed 150 batches
Processed 200 batches
Finished inference in 0.7521307468414307 seconds.
---------Finished computation--------
